<?xml version="1.0" encoding="UTF-8"?>
<!-- Generated by org.testng.reporters.JUnitReportReporter -->
<testsuite skipped="0" hostname="Mohammeds-MBP.cable.rcn.com" name="practice.collections.codes.StringIntervewoCodes" tests="1" failures="0" timestamp="20 Oct 2021 22:44:30 GMT" time="0.009" errors="0">
  <testcase name="runMethod" time="0.009" classname="practice.collections.codes.StringIntervewoCodes"/>
</testsuite> <!-- practice.collections.codes.StringIntervewoCodes -->
