<?xml version="1.0" encoding="UTF-8"?>
<!-- Generated by org.testng.reporters.JUnitReportReporter -->
<testsuite skipped="0" hostname="Mohammeds-MBP" name="practice.collections.codes.ExceptionTest" tests="2" failures="0" timestamp="30 Oct 2021 23:41:43 GMT" time="0.033" errors="0">
  <testcase name="FileNotFoundException" time="0.027" classname="practice.collections.codes.ExceptionTest"/>
  <testcase name="NumberFormatException" time="0.006" classname="practice.collections.codes.ExceptionTest"/>
</testsuite> <!-- practice.collections.codes.ExceptionTest -->
