<?xml version="1.0" encoding="UTF-8"?>
<!-- Generated by org.testng.reporters.JUnitReportReporter -->
<testsuite skipped="0" hostname="Mohammeds-MBP.cable.rcn.com" name="selenium.chalenges.DragAndDrop" tests="1" failures="0" timestamp="20 Oct 2021 01:28:40 GMT" time="4.151" errors="0">
  <testcase name="DragnDrop" time="4.151" classname="selenium.chalenges.DragAndDrop"/>
</testsuite> <!-- selenium.chalenges.DragAndDrop -->
