<?xml version="1.0" encoding="UTF-8"?>
<!-- Generated by org.testng.reporters.JUnitReportReporter -->
<testsuite skipped="0" hostname="Mohammeds-MBP.cable.rcn.com" name="practice.collections.codes.StringIntervewoCodes" tests="1" failures="0" timestamp="28 Oct 2021 02:25:13 GMT" time="0.016" errors="0">
  <testcase name="getCharCountWOrd" time="0.016" classname="practice.collections.codes.StringIntervewoCodes"/>
</testsuite> <!-- practice.collections.codes.StringIntervewoCodes -->
