<?xml version="1.0" encoding="UTF-8"?>
<!-- Generated by org.testng.reporters.JUnitReportReporter -->
<testsuite skipped="0" hostname="Mohammeds-MBP.cable.rcn.com" name="practice.collections.codes.RemoveDuplicate" tests="2" failures="0" timestamp="03 Apr 2022 14:45:01 GMT" time="0.019" errors="0">
  <testcase name="getDuplicateElement" time="0.009" classname="practice.collections.codes.RemoveDuplicate"/>
  <testcase name="getHighestNum" time="0.010" classname="practice.collections.codes.RemoveDuplicate"/>
</testsuite> <!-- practice.collections.codes.RemoveDuplicate -->
