<?xml version="1.0" encoding="UTF-8"?>
<!-- Generated by org.testng.reporters.JUnitReportReporter -->
<testsuite skipped="0" hostname="Mohammeds-MBP.cable.rcn.com" name="com.myrunner.CucumberRunner" tests="1" failures="0" timestamp="13 Oct 2021 23:55:23 GMT" time="17.951" errors="0">
  <testcase name="feature" time="17.951" classname="com.myrunner.CucumberRunner"/>
</testsuite> <!-- com.myrunner.CucumberRunner -->
