<?xml version="1.0" encoding="UTF-8"?>
<!-- Generated by org.testng.reporters.JUnitReportReporter -->
<testsuite skipped="0" hostname="Mohammeds-MBP.cable.rcn.com" name="com.myrunner.CucumberRunner" tests="1" failures="0" timestamp="10 Oct 2021 12:27:27 GMT" time="19.215" errors="0">
  <testcase name="feature" time="19.215" classname="com.myrunner.CucumberRunner"/>
</testsuite> <!-- com.myrunner.CucumberRunner -->
