<?xml version="1.0" encoding="UTF-8"?>
<!-- Generated by org.testng.reporters.JUnitReportReporter -->
<testsuite skipped="0" hostname="Mohammeds-MBP.cable.rcn.com" name="selenium.chalenges.crossBrowserTesting" tests="3" failures="0" timestamp="13 Oct 2021 22:18:35 GMT" time="6.055" errors="0">
  <testcase name="login" time="1.200" classname="selenium.chalenges.crossBrowserTesting"/>
  <testcase name="login" time="2.528" classname="selenium.chalenges.crossBrowserTesting"/>
  <testcase name="login" time="2.327" classname="selenium.chalenges.crossBrowserTesting"/>
</testsuite> <!-- selenium.chalenges.crossBrowserTesting -->
