<?xml version="1.0" encoding="UTF-8"?>
<!-- Generated by org.testng.reporters.JUnitReportReporter -->
<testsuite skipped="0" hostname="Mohammeds-MBP.cable.rcn.com" name="com.myrunner.CucumberRunner" tests="1" failures="0" timestamp="07 Oct 2021 01:17:11 GMT" time="10.881" errors="0">
  <testcase name="feature" time="10.881" classname="com.myrunner.CucumberRunner"/>
</testsuite> <!-- com.myrunner.CucumberRunner -->
