<?xml version="1.0" encoding="UTF-8"?>
<!-- Generated by org.testng.reporters.JUnitReportReporter -->
<testsuite skipped="0" hostname="Mohammeds-MBP.cable.rcn.com" name="selenium.chalenges.FileUpload_Robo" tests="1" failures="0" timestamp="13 Oct 2021 22:51:54 GMT" time="3.828" errors="0">
  <testcase name="UploadSendkeys" time="3.828" classname="selenium.chalenges.FileUpload_Robo"/>
</testsuite> <!-- selenium.chalenges.FileUpload_Robo -->
