<?xml version="1.0" encoding="UTF-8"?>
<!-- Generated by org.testng.reporters.JUnitReportReporter -->
<testsuite skipped="0" hostname="Mohammeds-MBP.cable.rcn.com" name="selenium.chalenges.CheckBoxOperations" tests="1" failures="0" timestamp="09 Oct 2021 18:18:23 GMT" time="27.004" errors="0">
  <testcase name="SelectAllElement" time="27.004" classname="selenium.chalenges.CheckBoxOperations"/>
</testsuite> <!-- selenium.chalenges.CheckBoxOperations -->
