<?xml version="1.0" encoding="UTF-8"?>
<!-- Generated by org.testng.reporters.JUnitReportReporter -->
<testsuite skipped="0" hostname="Mohammeds-MBP.cable.rcn.com" name="practice.collections.codes.ListClass" tests="1" failures="0" timestamp="17 Oct 2021 00:00:24 GMT" time="0.010" errors="0">
  <testcase name="sortTheData" time="0.010" classname="practice.collections.codes.ListClass"/>
</testsuite> <!-- practice.collections.codes.ListClass -->
