<?xml version="1.0" encoding="UTF-8"?>
<!-- Generated by org.testng.reporters.JUnitReportReporter -->
<testsuite skipped="0" hostname="Mohammeds-MBP.cable.rcn.com" name="selenium.chalenges.FileUpload_Robo" tests="1" failures="0" timestamp="14 Oct 2021 23:07:21 GMT" time="6.152" errors="0">
  <testcase name="UploadSendkeys" time="6.152" classname="selenium.chalenges.FileUpload_Robo"/>
</testsuite> <!-- selenium.chalenges.FileUpload_Robo -->
