<?xml version="1.0" encoding="UTF-8"?>
<!-- Generated by org.testng.reporters.JUnitReportReporter -->
<testsuite skipped="0" hostname="Mohammeds-MBP.cable.rcn.com" name="com.myrunner.CucumberRunner" tests="1" failures="0" timestamp="10 Oct 2021 12:14:01 GMT" time="14.790" errors="0">
  <testcase name="feature" time="14.790" classname="com.myrunner.CucumberRunner"/>
</testsuite> <!-- com.myrunner.CucumberRunner -->
