<?xml version="1.0" encoding="UTF-8"?>
<!-- Generated by org.testng.reporters.JUnitReportReporter -->
<testsuite skipped="0" hostname="Mohammeds-MBP.cable.rcn.com" name="selenium.chalenges.FileUpload_Robo" tests="1" failures="0" timestamp="21 Oct 2021 00:24:17 GMT" time="4.079" errors="0">
  <testcase name="UploadSendkeys" time="4.079" classname="selenium.chalenges.FileUpload_Robo"/>
</testsuite> <!-- selenium.chalenges.FileUpload_Robo -->
