<?xml version="1.0" encoding="UTF-8"?>
<!-- Generated by org.testng.reporters.JUnitReportReporter -->
<testsuite skipped="0" hostname="Mohammeds-MBP.cable.rcn.com" name="com.stepdefinations.ExcelLoginTest" tests="1" failures="0" timestamp="07 Oct 2021 22:47:03 GMT" time="9.344" errors="0">
  <testcase name="loginZoplaWithExcelData" time="9.344" classname="com.stepdefinations.ExcelLoginTest"/>
</testsuite> <!-- com.stepdefinations.ExcelLoginTest -->
