<?xml version="1.0" encoding="UTF-8"?>
<!-- Generated by org.testng.reporters.JUnitReportReporter -->
<testsuite skipped="0" hostname="Mohammeds-MBP.cable.rcn.com" name="practice.collections.codes.PalindromeExample" tests="1" failures="0" timestamp="23 Oct 2021 15:37:02 GMT" time="0.012" errors="0">
  <testcase name="PalindromeExample2" time="0.012" classname="practice.collections.codes.PalindromeExample"/>
</testsuite> <!-- practice.collections.codes.PalindromeExample -->
