<?xml version="1.0" encoding="UTF-8"?>
<!-- Generated by org.testng.reporters.JUnitReportReporter -->
<testsuite skipped="0" hostname="Mohammeds-MBP.cable.rcn.com" name="com.myrunner.CucumberRunner" tests="1" failures="0" timestamp="04 Oct 2021 00:36:59 GMT" time="7.675" errors="0">
  <testcase name="feature" time="7.675" classname="com.myrunner.CucumberRunner"/>
</testsuite> <!-- com.myrunner.CucumberRunner -->
